0 verbose cli /usr/local/lib/nodejs/node-v16.17.0-linux-x64/bin/node /usr/local/lib/nodejs/node-v16.17.0-linux-x64/bin/npm
1 info using npm@8.15.0
2 info using node@v16.17.0
3 timing npm:load:whichnode Completed in 1ms
4 timing config:load:defaults Completed in 17ms
5 timing config:load:file:/usr/local/lib/nodejs/node-v16.17.0-linux-x64/lib/node_modules/npm/npmrc Completed in 9ms
6 timing config:load:builtin Completed in 11ms
7 timing config:load:cli Completed in 10ms
8 timing config:load:env Completed in 4ms
9 timing config:load:file:/www/awardwallet/.npmrc Completed in 3ms
10 timing config:load:project Completed in 33ms
11 timing config:load:file:/home/user/.npmrc Completed in 1ms
12 timing config:load:user Completed in 3ms
13 timing config:load:file:/usr/local/lib/nodejs/node-v16.17.0-linux-x64/etc/npmrc Completed in 28ms
14 timing config:load:global Completed in 30ms
15 timing config:load:validate Completed in 1ms
16 timing config:load:credentials Completed in 8ms
17 timing config:load:setEnvs Completed in 7ms
18 timing config:load Completed in 132ms
19 timing npm:load:configload Completed in 133ms
20 timing npm:load:mkdirpcache Completed in 7ms
21 timing npm:load:mkdirplogs Completed in 5ms
22 verbose title npm i
23 verbose argv "i"
24 timing npm:load:setTitle Completed in 9ms
25 timing config:load:flatten Completed in 17ms
26 timing npm:load:display Completed in 31ms
27 verbose logfile logs-max:10 dir:/home/user/.npm/_logs
28 verbose logfile /home/user/.npm/_logs/2023-06-26T05_25_38_030Z-debug-0.log
29 timing npm:load:logFile Completed in 47ms
30 timing npm:load:timers Completed in 1ms
31 timing npm:load:configScope Completed in 1ms
32 timing npm:load Completed in 248ms
33 timing arborist:ctor Completed in 3ms
34 silly logfile done cleaning log files
35 timing idealTree:init Completed in 699ms
36 timing idealTree:userRequests Completed in 1ms
37 silly idealTree buildDeps
38 timing idealTree:#root Completed in 1ms
39 timing idealTree:buildDeps Completed in 8ms
40 timing idealTree:fixDepFlags Completed in 1ms
41 timing idealTree Completed in 737ms
42 timing arborist:ctor Completed in 1ms
43 timing reify:loadTrees Completed in 994ms
44 timing reify:diffTrees Completed in 36ms
45 silly reify moves {}
46 timing reify:retireShallow Completed in 6ms
47 timing reify:createSparse Completed in 1ms
48 timing reify:loadBundles Completed in 0ms
49 silly audit bulk request {
49 silly audit   '@babel/code-frame': [ '7.12.13' ],
49 silly audit   '@babel/helper-validator-identifier': [ '7.14.0' ],
49 silly audit   '@babel/highlight': [ '7.14.0' ],
49 silly audit   'ansi-styles': [ '3.2.1', '4.3.0' ],
49 silly audit   chalk: [ '2.4.2', '4.1.1' ],
49 silly audit   'color-convert': [ '1.9.3', '2.0.1' ],
49 silly audit   'color-name': [ '1.1.3', '1.1.4' ],
49 silly audit   'has-flag': [ '3.0.0', '4.0.0' ],
49 silly audit   'supports-color': [ '5.5.0', '7.2.0' ],
49 silly audit   '@types/parse-json': [ '4.0.0' ],
49 silly audit   'aggregate-error': [ '3.1.0' ],
49 silly audit   'ansi-colors': [ '4.1.1' ],
49 silly audit   'ansi-escapes': [ '4.3.2' ],
49 silly audit   'ansi-regex': [ '5.0.0' ],
49 silly audit   'astral-regex': [ '2.0.0' ],
49 silly audit   bower: [ '1.8.14' ],
49 silly audit   braces: [ '3.0.2' ],
49 silly audit   callsites: [ '3.1.0' ],
49 silly audit   'clean-stack': [ '2.2.0' ],
49 silly audit   'cli-cursor': [ '3.1.0' ],
49 silly audit   'cli-truncate': [ '2.1.0' ],
49 silly audit   colorette: [ '1.2.2' ],
49 silly audit   commander: [ '7.2.0' ],
49 silly audit   cosmiconfig: [ '7.0.0' ],
49 silly audit   'cross-spawn': [ '7.0.3' ],
49 silly audit   debug: [ '4.3.1' ],
49 silly audit   dedent: [ '0.7.0' ],
49 silly audit   'emoji-regex': [ '8.0.0' ],
49 silly audit   enquirer: [ '2.3.6' ],
49 silly audit   'error-ex': [ '1.3.2' ],
49 silly audit   'escape-string-regexp': [ '1.0.5' ],
49 silly audit   execa: [ '5.1.0' ],
49 silly audit   'fill-range': [ '7.0.1' ],
49 silly audit   'get-own-enumerable-property-symbols': [ '3.0.2' ],
49 silly audit   'get-stream': [ '6.0.1' ],
49 silly audit   'human-signals': [ '2.1.0' ],
49 silly audit   husky: [ '6.0.0' ],
49 silly audit   'import-fresh': [ '3.3.0' ],
49 silly audit   'indent-string': [ '4.0.0' ],
49 silly audit   'is-arrayish': [ '0.2.1' ],
49 silly audit   'is-fullwidth-code-point': [ '3.0.0' ],
49 silly audit   'is-number': [ '7.0.0' ],
49 silly audit   'is-obj': [ '1.0.1' ],
49 silly audit   'is-regexp': [ '1.0.0' ],
49 silly audit   'is-stream': [ '2.0.0' ],
49 silly audit   'is-unicode-supported': [ '0.1.0' ],
49 silly audit   isexe: [ '2.0.0' ],
49 silly audit   'js-tokens': [ '4.0.0' ],
49 silly audit   'json-parse-even-better-errors': [ '2.3.1' ],
49 silly audit   'lines-and-columns': [ '1.1.6' ],
49 silly audit   'lint-staged': [ '11.0.0' ],
49 silly audit   listr2: [ '3.9.0' ],
49 silly audit   'log-symbols': [ '4.1.0' ],
49 silly audit   'log-update': [ '4.0.0' ],
49 silly audit   'slice-ansi': [ '4.0.0', '3.0.0' ],
49 silly audit   'wrap-ansi': [ '6.2.0', '7.0.0' ],
49 silly audit   'merge-stream': [ '2.0.0' ],
49 silly audit   micromatch: [ '4.0.4' ],
49 silly audit   'mimic-fn': [ '2.1.0' ],
49 silly audit   ms: [ '2.1.2' ],
49 silly audit   'normalize-path': [ '3.0.0' ],
49 silly audit   'npm-run-path': [ '4.0.1' ],
49 silly audit   onetime: [ '5.1.2' ],
49 silly audit   'p-map': [ '4.0.0' ],
49 silly audit   'parent-module': [ '1.0.1' ],
49 silly audit   'parse-json': [ '5.2.0' ],
49 silly audit   'path-key': [ '3.1.1' ],
49 silly audit   'path-type': [ '4.0.0' ],
49 silly audit   picomatch: [ '2.3.0' ],
49 silly audit   'please-upgrade-node': [ '3.2.0' ],
49 silly audit   'resolve-from': [ '4.0.0' ],
49 silly audit   'restore-cursor': [ '3.1.0' ],
49 silly audit   rxjs: [ '6.6.7' ],
49 silly audit   'semver-compare': [ '1.0.0' ],
49 silly audit   'shebang-command': [ '2.0.0' ],
49 silly audit   'shebang-regex': [ '3.0.0' ],
49 silly audit   'signal-exit': [ '3.0.3' ],
49 silly audit   'string-argv': [ '0.3.1' ],
49 silly audit   'string-width': [ '4.2.2' ],
49 silly audit   'stringify-object': [ '3.3.0' ],
49 silly audit   'strip-ansi': [ '6.0.0' ],
49 silly audit   'strip-final-newline': [ '2.0.0' ],
49 silly audit   through: [ '2.3.8' ],
49 silly audit   'to-regex-range': [ '5.0.1' ],
49 silly audit   tslib: [ '1.14.1' ],
49 silly audit   'type-fest': [ '0.21.3' ],
49 silly audit   which: [ '2.0.2' ],
49 silly audit   yaml: [ '1.10.2' ]
49 silly audit }
50 timing reify:unpack Completed in 16ms
51 timing reify:unretire Completed in 0ms
52 timing build:queue Completed in 0ms
53 timing build:deps Completed in 2ms
54 timing build Completed in 4ms
55 timing reify:build Completed in 9ms
56 timing reify:trash Completed in 0ms
57 timing reify:save Completed in 152ms
58 http fetch POST 200 https://registry.npmjs.org/-/npm/v1/security/advisories/bulk 777ms
59 timing auditReport:getReport Completed in 808ms
60 silly audit report {
60 silly audit report   'ansi-regex': [
60 silly audit report     {
60 silly audit report       id: 1091190,
60 silly audit report       url: 'https://github.com/advisories/GHSA-93q8-gq69-wqmw',
60 silly audit report       title: 'Inefficient Regular Expression Complexity in chalk/ansi-regex',
60 silly audit report       severity: 'high',
60 silly audit report       vulnerable_versions: '>=5.0.0 <5.0.1',
60 silly audit report       cwe: [Array],
60 silly audit report       cvss: [Object]
60 silly audit report     }
60 silly audit report   ]
60 silly audit report }
61 timing metavuln:cache:get:security-advisory:ansi-regex:tdF9vOScIECOVZNLKXp4Kc/D0EnM6W9nste/JGjSZgtmwCIY9EokMiQKqx0uauscDWtv48qhvgTPKJzKH2goeA== Completed in 30ms
62 http fetch GET 200 https://registry.npmjs.org/ansi-regex 139ms (cache revalidated)
63 timing metavuln:packument:ansi-regex Completed in 145ms
64 timing metavuln:load:security-advisory:ansi-regex:1091190 Completed in 3ms
65 timing metavuln:calculate:security-advisory:ansi-regex:1091190 Completed in 153ms
66 timing metavuln:cache:get:security-advisory:strip-ansi:aEbUb6LIXHEoyRWYpwTOiL97HpCAF+RaSOx2iaAcFM6Tsb9FiIvm5Z+kzG+Z067ST30D/qGGX93FqmysyhbcrQ== Completed in 14ms
67 http fetch GET 200 https://registry.npmjs.org/strip-ansi 100ms (cache revalidated)
68 timing metavuln:packument:strip-ansi Completed in 104ms
69 timing metavuln:load:security-advisory:strip-ansi:tdF9vOScIECOVZNLKXp4Kc/D0EnM6W9nste/JGjSZgtmwCIY9EokMiQKqx0uauscDWtv48qhvgTPKJzKH2goeA== Completed in 1ms
70 timing metavuln:calculate:security-advisory:strip-ansi:tdF9vOScIECOVZNLKXp4Kc/D0EnM6W9nste/JGjSZgtmwCIY9EokMiQKqx0uauscDWtv48qhvgTPKJzKH2goeA== Completed in 107ms
71 timing auditReport:init Completed in 267ms
72 timing reify:audit Completed in 1085ms
73 timing reify Completed in 2183ms
74 timing command:i Completed in 3035ms
75 verbose exit 0
76 timing npm Completed in 3559ms
77 info ok
