0 verbose cli /usr/local/lib/nodejs/node-v16.17.0-linux-x64/bin/node /usr/local/lib/nodejs/node-v16.17.0-linux-x64/bin/npm
1 info using npm@8.15.0
2 info using node@v16.17.0
3 timing npm:load:whichnode Completed in 0ms
4 timing config:load:defaults Completed in 3ms
5 timing config:load:file:/usr/local/lib/nodejs/node-v16.17.0-linux-x64/lib/node_modules/npm/npmrc Completed in 3ms
6 timing config:load:builtin Completed in 4ms
7 timing config:load:cli Completed in 2ms
8 timing config:load:env Completed in 1ms
9 timing config:load:file:/www/awardwallet/.npmrc Completed in 1ms
10 timing config:load:project Completed in 34ms
11 timing config:load:file:/home/user/.npmrc Completed in 0ms
12 timing config:load:user Completed in 1ms
13 timing config:load:file:/usr/local/lib/nodejs/node-v16.17.0-linux-x64/etc/npmrc Completed in 0ms
14 timing config:load:global Completed in 0ms
15 timing config:load:validate Completed in 0ms
16 timing config:load:credentials Completed in 3ms
17 timing config:load:setEnvs Completed in 3ms
18 timing config:load Completed in 56ms
19 timing npm:load:configload Completed in 56ms
20 timing npm:load:mkdirpcache Completed in 3ms
21 timing npm:load:mkdirplogs Completed in 2ms
22 verbose title npm i
23 verbose argv "i"
24 timing npm:load:setTitle Completed in 5ms
25 timing config:load:flatten Completed in 11ms
26 timing npm:load:display Completed in 17ms
27 verbose logfile logs-max:10 dir:/home/user/.npm/_logs
28 verbose logfile /home/user/.npm/_logs/2024-02-06T07_18_23_759Z-debug-0.log
29 timing npm:load:logFile Completed in 19ms
30 timing npm:load:timers Completed in 0ms
31 timing npm:load:configScope Completed in 0ms
32 timing npm:load Completed in 111ms
33 timing arborist:ctor Completed in 1ms
34 silly logfile done cleaning log files
35 timing idealTree:init Completed in 192ms
36 timing idealTree:userRequests Completed in 0ms
37 silly idealTree buildDeps
38 timing idealTree:#root Completed in 0ms
39 timing idealTree:buildDeps Completed in 3ms
40 timing idealTree:fixDepFlags Completed in 0ms
41 timing idealTree Completed in 204ms
42 timing arborist:ctor Completed in 1ms
43 timing reify:loadTrees Completed in 276ms
44 timing reify:diffTrees Completed in 14ms
45 silly reify moves {}
46 timing reify:retireShallow Completed in 1ms
47 timing reify:createSparse Completed in 0ms
48 timing reify:loadBundles Completed in 0ms
49 silly audit bulk request {
49 silly audit   '@babel/code-frame': [ '7.12.13' ],
49 silly audit   '@babel/helper-validator-identifier': [ '7.14.0' ],
49 silly audit   '@babel/highlight': [ '7.14.0' ],
49 silly audit   'ansi-styles': [ '3.2.1', '4.3.0' ],
49 silly audit   chalk: [ '2.4.2', '4.1.1' ],
49 silly audit   'color-convert': [ '1.9.3', '2.0.1' ],
49 silly audit   'color-name': [ '1.1.3', '1.1.4' ],
49 silly audit   'has-flag': [ '3.0.0', '4.0.0' ],
49 silly audit   'supports-color': [ '5.5.0', '7.2.0' ],
49 silly audit   '@types/parse-json': [ '4.0.0' ],
49 silly audit   'aggregate-error': [ '3.1.0' ],
49 silly audit   'ansi-colors': [ '4.1.1' ],
49 silly audit   'ansi-escapes': [ '4.3.2' ],
49 silly audit   'ansi-regex': [ '5.0.0' ],
49 silly audit   'astral-regex': [ '2.0.0' ],
49 silly audit   bower: [ '1.8.14' ],
49 silly audit   braces: [ '3.0.2' ],
49 silly audit   callsites: [ '3.1.0' ],
49 silly audit   'clean-stack': [ '2.2.0' ],
49 silly audit   'cli-cursor': [ '3.1.0' ],
49 silly audit   'cli-truncate': [ '2.1.0' ],
49 silly audit   colorette: [ '1.2.2' ],
49 silly audit   commander: [ '7.2.0' ],
49 silly audit   cosmiconfig: [ '7.0.0' ],
49 silly audit   'cross-spawn': [ '7.0.3' ],
49 silly audit   debug: [ '4.3.1' ],
49 silly audit   dedent: [ '0.7.0' ],
49 silly audit   'emoji-regex': [ '8.0.0' ],
49 silly audit   enquirer: [ '2.3.6' ],
49 silly audit   'error-ex': [ '1.3.2' ],
49 silly audit   'escape-string-regexp': [ '1.0.5' ],
49 silly audit   execa: [ '5.1.0' ],
49 silly audit   'fill-range': [ '7.0.1' ],
49 silly audit   'get-own-enumerable-property-symbols': [ '3.0.2' ],
49 silly audit   'get-stream': [ '6.0.1' ],
49 silly audit   'human-signals': [ '2.1.0' ],
49 silly audit   husky: [ '6.0.0' ],
49 silly audit   'import-fresh': [ '3.3.0' ],
49 silly audit   'indent-string': [ '4.0.0' ],
49 silly audit   'is-arrayish': [ '0.2.1' ],
49 silly audit   'is-fullwidth-code-point': [ '3.0.0' ],
49 silly audit   'is-number': [ '7.0.0' ],
49 silly audit   'is-obj': [ '1.0.1' ],
49 silly audit   'is-regexp': [ '1.0.0' ],
49 silly audit   'is-stream': [ '2.0.0' ],
49 silly audit   'is-unicode-supported': [ '0.1.0' ],
49 silly audit   isexe: [ '2.0.0' ],
49 silly audit   'js-tokens': [ '4.0.0' ],
49 silly audit   'json-parse-even-better-errors': [ '2.3.1' ],
49 silly audit   'lines-and-columns': [ '1.1.6' ],
49 silly audit   'lint-staged': [ '11.0.0' ],
49 silly audit   listr2: [ '3.9.0' ],
49 silly audit   'log-symbols': [ '4.1.0' ],
49 silly audit   'log-update': [ '4.0.0' ],
49 silly audit   'slice-ansi': [ '4.0.0', '3.0.0' ],
49 silly audit   'wrap-ansi': [ '6.2.0', '7.0.0' ],
49 silly audit   'merge-stream': [ '2.0.0' ],
49 silly audit   micromatch: [ '4.0.4' ],
49 silly audit   'mimic-fn': [ '2.1.0' ],
49 silly audit   ms: [ '2.1.2' ],
49 silly audit   'normalize-path': [ '3.0.0' ],
49 silly audit   'npm-run-path': [ '4.0.1' ],
49 silly audit   onetime: [ '5.1.2' ],
49 silly audit   'p-map': [ '4.0.0' ],
49 silly audit   'parent-module': [ '1.0.1' ],
49 silly audit   'parse-json': [ '5.2.0' ],
49 silly audit   'path-key': [ '3.1.1' ],
49 silly audit   'path-type': [ '4.0.0' ],
49 silly audit   picomatch: [ '2.3.0' ],
49 silly audit   'please-upgrade-node': [ '3.2.0' ],
49 silly audit   'resolve-from': [ '4.0.0' ],
49 silly audit   'restore-cursor': [ '3.1.0' ],
49 silly audit   rxjs: [ '6.6.7' ],
49 silly audit   'semver-compare': [ '1.0.0' ],
49 silly audit   'shebang-command': [ '2.0.0' ],
49 silly audit   'shebang-regex': [ '3.0.0' ],
49 silly audit   'signal-exit': [ '3.0.3' ],
49 silly audit   'string-argv': [ '0.3.1' ],
49 silly audit   'string-width': [ '4.2.2' ],
49 silly audit   'stringify-object': [ '3.3.0' ],
49 silly audit   'strip-ansi': [ '6.0.0' ],
49 silly audit   'strip-final-newline': [ '2.0.0' ],
49 silly audit   through: [ '2.3.8' ],
49 silly audit   'to-regex-range': [ '5.0.1' ],
49 silly audit   tslib: [ '1.14.1' ],
49 silly audit   'type-fest': [ '0.21.3' ],
49 silly audit   which: [ '2.0.2' ],
49 silly audit   yaml: [ '1.10.2' ]
49 silly audit }
50 timing reify:unpack Completed in 3ms
51 timing reify:unretire Completed in 0ms
52 timing build:queue Completed in 0ms
53 timing build:deps Completed in 1ms
54 timing build Completed in 1ms
55 timing reify:build Completed in 2ms
56 timing reify:trash Completed in 0ms
57 timing reify:save Completed in 37ms
58 http fetch POST 200 https://registry.npmjs.org/-/npm/v1/security/advisories/bulk 1004ms
59 timing auditReport:getReport Completed in 1017ms
60 silly audit report {
60 silly audit report   'ansi-regex': [
60 silly audit report     {
60 silly audit report       id: 1094092,
60 silly audit report       url: 'https://github.com/advisories/GHSA-93q8-gq69-wqmw',
60 silly audit report       title: 'Inefficient Regular Expression Complexity in chalk/ansi-regex',
60 silly audit report       severity: 'high',
60 silly audit report       vulnerable_versions: '>=5.0.0 <5.0.1',
60 silly audit report       cwe: [Array],
60 silly audit report       cvss: [Object]
60 silly audit report     }
60 silly audit report   ]
60 silly audit report }
61 timing metavuln:cache:get:security-advisory:ansi-regex:PbNwHkSNc2zLhMe/ixm2QvHnKXrWRpBPfYAyZJWjXrPlL9qLmadaDInxCnnqE2mVyvwZie8ZhEivx+lqeyjaiA== Completed in 17ms
62 http fetch GET 200 https://registry.npmjs.org/ansi-regex 212ms (cache revalidated)
63 timing metavuln:packument:ansi-regex Completed in 215ms
64 timing metavuln:load:security-advisory:ansi-regex:1094092 Completed in 0ms
65 timing metavuln:calculate:security-advisory:ansi-regex:1094092 Completed in 216ms
66 timing metavuln:cache:get:security-advisory:strip-ansi:zMcPiHMivGqZxEPP6sWmyzLhSE+RQnzQdNnBfzgse1Ojxif6wKKt/4HSM8tfwZIQIBuT65wYSQHkSEH81RkvSw== Completed in 8ms
67 http fetch GET 200 https://registry.npmjs.org/npm 1572ms (cache updated)
68 http fetch GET 200 https://registry.npmjs.org/strip-ansi 198ms (cache revalidated)
69 timing metavuln:packument:strip-ansi Completed in 199ms
70 timing metavuln:load:security-advisory:strip-ansi:PbNwHkSNc2zLhMe/ixm2QvHnKXrWRpBPfYAyZJWjXrPlL9qLmadaDInxCnnqE2mVyvwZie8ZhEivx+lqeyjaiA== Completed in 1ms
71 timing metavuln:calculate:security-advisory:strip-ansi:PbNwHkSNc2zLhMe/ixm2QvHnKXrWRpBPfYAyZJWjXrPlL9qLmadaDInxCnnqE2mVyvwZie8ZhEivx+lqeyjaiA== Completed in 201ms
72 timing auditReport:init Completed in 420ms
73 timing reify:audit Completed in 1439ms
74 timing reify Completed in 1761ms
75 timing command:i Completed in 2157ms
76 notice
76 notice New [31mmajor[39m version of npm available! [31m8.15.0[39m -> [32m10.4.0[39m
76 notice Changelog: [36mhttps://github.com/npm/cli/releases/tag/v10.4.0[39m
76 notice Run [32mnpm install -g npm@10.4.0[39m to update!
76 notice
77 verbose exit 0
78 timing npm Completed in 2358ms
79 info ok
